Performing C SOURCE FILE Test CMAKE_HAVE_LIBC_PTHREAD failed with the following output:
Change Dir: /nfs/home/egoist410420/OpenTimer/build/CMakeFiles/CMakeTmp

Run Build Command(s):/usr/bin/gmake -f Makefile cmTC_fda27/fast && /usr/bin/gmake  -f CMakeFiles/cmTC_fda27.dir/build.make CMakeFiles/cmTC_fda27.dir/build
gmake[1]: Entering directory '/nfs/home/egoist410420/OpenTimer/build/CMakeFiles/CMakeTmp'
Building C object CMakeFiles/cmTC_fda27.dir/src.c.o
/usr/bin/cc -DCMAKE_HAVE_LIBC_PTHREAD   -o CMakeFiles/cmTC_fda27.dir/src.c.o -c /nfs/home/egoist410420/OpenTimer/build/CMakeFiles/CMakeTmp/src.c
Linking C executable cmTC_fda27
/usr/bin/cmake -E cmake_link_script CMakeFiles/cmTC_fda27.dir/link.txt --verbose=1
/usr/bin/cc CMakeFiles/cmTC_fda27.dir/src.c.o -o cmTC_fda27 
CMakeFiles/cmTC_fda27.dir/src.c.o: 於函式 main:
src.c:(.text+0x2d): 未定義參考到 pthread_create
src.c:(.text+0x39): 未定義參考到 pthread_detach
src.c:(.text+0x45): 未定義參考到 pthread_cancel
src.c:(.text+0x56): 未定義參考到 pthread_join
collect2: 錯誤：ld 回傳 1
gmake[1]: *** [CMakeFiles/cmTC_fda27.dir/build.make:99: cmTC_fda27] Error 1
gmake[1]: Leaving directory '/nfs/home/egoist410420/OpenTimer/build/CMakeFiles/CMakeTmp'
gmake: *** [Makefile:127: cmTC_fda27/fast] Error 2


Source file was:
#include <pthread.h>

static void* test_func(void* data)
{
  return data;
}

int main(void)
{
  pthread_t thread;
  pthread_create(&thread, NULL, test_func, NULL);
  pthread_detach(thread);
  pthread_cancel(thread);
  pthread_join(thread, NULL);
  pthread_atfork(NULL, NULL, NULL);
  pthread_exit(NULL);

  return 0;
}

Determining if the function pthread_create exists in the pthreads failed with the following output:
Change Dir: /nfs/home/egoist410420/OpenTimer/build/CMakeFiles/CMakeTmp

Run Build Command(s):/usr/bin/gmake -f Makefile cmTC_975cd/fast && /usr/bin/gmake  -f CMakeFiles/cmTC_975cd.dir/build.make CMakeFiles/cmTC_975cd.dir/build
gmake[1]: Entering directory '/nfs/home/egoist410420/OpenTimer/build/CMakeFiles/CMakeTmp'
Building C object CMakeFiles/cmTC_975cd.dir/CheckFunctionExists.c.o
/usr/bin/cc   -DCHECK_FUNCTION_EXISTS=pthread_create -o CMakeFiles/cmTC_975cd.dir/CheckFunctionExists.c.o -c /usr/share/cmake/Modules/CheckFunctionExists.c
Linking C executable cmTC_975cd
/usr/bin/cmake -E cmake_link_script CMakeFiles/cmTC_975cd.dir/link.txt --verbose=1
/usr/bin/cc  -DCHECK_FUNCTION_EXISTS=pthread_create CMakeFiles/cmTC_975cd.dir/CheckFunctionExists.c.o -o cmTC_975cd  -lpthreads 
/usr/bin/ld: 找不到 -lpthreads
collect2: 錯誤：ld 回傳 1
gmake[1]: *** [CMakeFiles/cmTC_975cd.dir/build.make:99: cmTC_975cd] Error 1
gmake[1]: Leaving directory '/nfs/home/egoist410420/OpenTimer/build/CMakeFiles/CMakeTmp'
gmake: *** [Makefile:127: cmTC_975cd/fast] Error 2



